<?xml version="1.0" encoding="UTF-8"?>
<!-- Generated by org.testng.reporters.JUnitXMLReporter -->
<testsuite ignored="0" hostname="APL-1GMXB63" failures="0" tests="4" name="Test" time="0.059" errors="0" timestamp="2023-05-15T09:39:15 IST">
  <testcase classname="JenkinsTestNGPriority.PriorityTests" name="startEngine" time="0.009"/>
  <testcase classname="JenkinsTestNGPriority.PriorityTests" name="putFirstGear" time="0.001"/>
  <testcase classname="JenkinsTestNGPriority.PriorityTests" name="putSecondGear" time="0.001"/>
  <testcase classname="JenkinsTestNGPriority.PriorityTests" name="putThirdGear" time="0.001"/>
</testsuite> <!-- Test -->
