<?xml version="1.0" encoding="UTF-8"?>
<testng-results ignored="0" total="4" passed="4" failed="0" skipped="0">
  <reporter-output>
  </reporter-output>
  <suite started-at="2023-05-15T09:39:15 IST" name="Suite" finished-at="2023-05-15T09:39:15 IST" duration-ms="59">
    <groups>
    </groups>
    <test started-at="2023-05-15T09:39:15 IST" name="Test" finished-at="2023-05-15T09:39:15 IST" duration-ms="59">
      <class name="JenkinsTestNGPriority.PriorityTests">
        <test-method signature="startEngine()[pri:1, instance:JenkinsTestNGPriority.PriorityTests@7671cb68]" started-at="2023-05-15T09:39:15 IST" name="startEngine" finished-at="2023-05-15T09:39:15 IST" duration-ms="9" status="PASS">
          <reporter-output>
          </reporter-output>
        </test-method> <!-- startEngine -->
        <test-method signature="putFirstGear()[pri:2, instance:JenkinsTestNGPriority.PriorityTests@7671cb68]" started-at="2023-05-15T09:39:15 IST" name="putFirstGear" finished-at="2023-05-15T09:39:15 IST" duration-ms="1" status="PASS">
          <reporter-output>
          </reporter-output>
        </test-method> <!-- putFirstGear -->
        <test-method signature="putSecondGear()[pri:3, instance:JenkinsTestNGPriority.PriorityTests@7671cb68]" started-at="2023-05-15T09:39:15 IST" name="putSecondGear" finished-at="2023-05-15T09:39:15 IST" duration-ms="1" status="PASS">
          <reporter-output>
          </reporter-output>
        </test-method> <!-- putSecondGear -->
        <test-method signature="putThirdGear()[pri:4, instance:JenkinsTestNGPriority.PriorityTests@7671cb68]" started-at="2023-05-15T09:39:15 IST" name="putThirdGear" finished-at="2023-05-15T09:39:15 IST" duration-ms="1" status="PASS">
          <reporter-output>
          </reporter-output>
        </test-method> <!-- putThirdGear -->
      </class> <!-- JenkinsTestNGPriority.PriorityTests -->
    </test> <!-- Test -->
  </suite> <!-- Suite -->
</testng-results>
